<?xml version="1.0" encoding="UTF-8"?>
<!-- Generated by org.testng.reporters.JUnitReportReporter -->
<testsuite skipped="2" hostname="LAPTOP-S3PU3090" name="com.crm.qa.testcases.HomePageTest" tests="3" failures="0" timestamp="26 Mar 2020 21:19:33 GMT" time="20.127" errors="0">
  <testcase name="VerifyContactLinkTest" time="20.127" classname="com.crm.qa.testcases.HomePageTest"/>
  <testcase name="VerifyHomePageTitle" classname="com.crm.qa.testcases.HomePageTest">
    <skipped/>
  </testcase> <!-- VerifyHomePageTitle -->
  <testcase name="ValidateUserNamelabel" classname="com.crm.qa.testcases.HomePageTest">
    <skipped/>
  </testcase> <!-- ValidateUserNamelabel -->
</testsuite> <!-- com.crm.qa.testcases.HomePageTest -->
